2023/10/24 06:37:59 [notice] 1#1: using the "epoll" event method
2023/10/24 06:37:59 [notice] 1#1: nginx/1.25.2
2023/10/24 06:37:59 [notice] 1#1: built by gcc 12.2.1 20220924 (Alpine 12.2.1_git20220924-r10) 
2023/10/24 06:37:59 [notice] 1#1: OS: Linux 6.4.16-linuxkit
2023/10/24 06:37:59 [notice] 1#1: getrlimit(RLIMIT_NOFILE): 1048576:1048576
2023/10/24 06:37:59 [notice] 1#1: start worker processes
2023/10/24 06:37:59 [notice] 1#1: start worker process 30
2023/10/24 06:37:59 [notice] 1#1: start worker process 31
2023/10/24 06:37:59 [notice] 1#1: start worker process 32
2023/10/24 06:37:59 [notice] 1#1: start worker process 33
2023/10/24 06:43:20 [error] 31#31: *2 open() "/usr/share/nginx/html/index" failed (2: No such file or directory), client: 192.168.65.1, server: localhost, request: "GET /index HTTP/1.1", host: "localhost:8080"
2023/10/24 06:43:20 [error] 31#31: *2 open() "/usr/share/nginx/html/favicon.ico" failed (2: No such file or directory), client: 192.168.65.1, server: localhost, request: "GET /favicon.ico HTTP/1.1", host: "localhost:8080", referrer: "http://localhost:8080/index"
2023/10/24 06:46:43 [notice] 1#1: signal 3 (SIGQUIT) received, shutting down
2023/10/24 06:46:43 [notice] 31#31: gracefully shutting down
2023/10/24 06:46:43 [notice] 30#30: gracefully shutting down
2023/10/24 06:46:43 [notice] 32#32: gracefully shutting down
2023/10/24 06:46:43 [notice] 33#33: gracefully shutting down
2023/10/24 06:46:43 [notice] 31#31: exiting
2023/10/24 06:46:43 [notice] 30#30: exiting
2023/10/24 06:46:43 [notice] 32#32: exiting
2023/10/24 06:46:43 [notice] 31#31: exit
2023/10/24 06:46:43 [notice] 33#33: exiting
2023/10/24 06:46:43 [notice] 32#32: exit
2023/10/24 06:46:43 [notice] 33#33: exit
2023/10/24 06:46:43 [notice] 30#30: exit
2023/10/24 06:46:43 [notice] 1#1: signal 17 (SIGCHLD) received from 31
2023/10/24 06:46:43 [notice] 1#1: worker process 31 exited with code 0
2023/10/24 06:46:43 [notice] 1#1: signal 29 (SIGIO) received
2023/10/24 06:46:43 [notice] 1#1: signal 17 (SIGCHLD) received from 33
2023/10/24 06:46:43 [notice] 1#1: worker process 33 exited with code 0
2023/10/24 06:46:43 [notice] 1#1: signal 29 (SIGIO) received
2023/10/24 06:46:43 [notice] 1#1: signal 17 (SIGCHLD) received from 30
2023/10/24 06:46:43 [notice] 1#1: worker process 30 exited with code 0
2023/10/24 06:46:43 [notice] 1#1: worker process 32 exited with code 0
2023/10/24 06:46:43 [notice] 1#1: exit
2023/10/24 06:46:59 [notice] 1#1: using the "epoll" event method
2023/10/24 06:46:59 [notice] 1#1: nginx/1.25.2
2023/10/24 06:46:59 [notice] 1#1: built by gcc 12.2.1 20220924 (Alpine 12.2.1_git20220924-r10) 
2023/10/24 06:46:59 [notice] 1#1: OS: Linux 6.4.16-linuxkit
2023/10/24 06:46:59 [notice] 1#1: getrlimit(RLIMIT_NOFILE): 1048576:1048576
2023/10/24 06:46:59 [notice] 1#1: start worker processes
2023/10/24 06:46:59 [notice] 1#1: start worker process 22
2023/10/24 06:46:59 [notice] 1#1: start worker process 23
2023/10/24 06:46:59 [notice] 1#1: start worker process 24
2023/10/24 06:46:59 [notice] 1#1: start worker process 25
2023/10/24 07:23:13 [notice] 1#1: signal 3 (SIGQUIT) received, shutting down
2023/10/24 07:23:13 [notice] 24#24: gracefully shutting down
2023/10/24 07:23:13 [notice] 22#22: gracefully shutting down
2023/10/24 07:23:13 [notice] 24#24: exiting
2023/10/24 07:23:13 [notice] 23#23: gracefully shutting down
2023/10/24 07:23:13 [notice] 25#25: gracefully shutting down
2023/10/24 07:23:13 [notice] 25#25: exiting
2023/10/24 07:23:13 [notice] 22#22: exiting
2023/10/24 07:23:13 [notice] 24#24: exit
2023/10/24 07:23:13 [notice] 23#23: exiting
2023/10/24 07:23:13 [notice] 25#25: exit
2023/10/24 07:23:13 [notice] 22#22: exit
2023/10/24 07:23:13 [notice] 23#23: exit
2023/10/24 07:23:13 [notice] 1#1: signal 17 (SIGCHLD) received from 24
2023/10/24 07:23:13 [notice] 1#1: worker process 24 exited with code 0
2023/10/24 07:23:13 [notice] 1#1: worker process 25 exited with code 0
2023/10/24 07:23:13 [notice] 1#1: signal 29 (SIGIO) received
2023/10/24 07:23:13 [notice] 1#1: signal 17 (SIGCHLD) received from 25
2023/10/24 07:23:13 [notice] 1#1: worker process 22 exited with code 0
2023/10/24 07:23:13 [notice] 1#1: worker process 23 exited with code 0
2023/10/24 07:23:13 [notice] 1#1: exit
2023/10/24 07:23:15 [notice] 1#1: using the "epoll" event method
2023/10/24 07:23:15 [notice] 1#1: nginx/1.25.2
2023/10/24 07:23:15 [notice] 1#1: built by gcc 12.2.1 20220924 (Alpine 12.2.1_git20220924-r10) 
2023/10/24 07:23:15 [notice] 1#1: OS: Linux 6.4.16-linuxkit
2023/10/24 07:23:15 [notice] 1#1: getrlimit(RLIMIT_NOFILE): 1048576:1048576
2023/10/24 07:23:15 [notice] 1#1: start worker processes
2023/10/24 07:23:15 [notice] 1#1: start worker process 30
2023/10/24 07:23:15 [notice] 1#1: start worker process 31
2023/10/24 07:23:15 [notice] 1#1: start worker process 32
2023/10/24 07:23:15 [notice] 1#1: start worker process 33
2023/10/24 07:23:34 [error] 30#30: *1 FastCGI sent in stderr: "Primary script unknown" while reading response header from upstream, client: 192.168.65.1, server: localhost, request: "GET /index.php HTTP/1.1", upstream: "fastcgi://172.19.0.4:9000", host: "localhost:8080"
2023/10/24 07:23:35 [error] 30#30: *1 FastCGI sent in stderr: "Primary script unknown" while reading response header from upstream, client: 192.168.65.1, server: localhost, request: "GET /index.php HTTP/1.1", upstream: "fastcgi://172.19.0.4:9000", host: "localhost:8080"
2023/10/24 07:23:36 [error] 30#30: *1 FastCGI sent in stderr: "Primary script unknown" while reading response header from upstream, client: 192.168.65.1, server: localhost, request: "GET /index.php HTTP/1.1", upstream: "fastcgi://172.19.0.4:9000", host: "localhost:8080"
2023/10/24 07:23:36 [error] 30#30: *1 FastCGI sent in stderr: "Primary script unknown" while reading response header from upstream, client: 192.168.65.1, server: localhost, request: "GET /index.php HTTP/1.1", upstream: "fastcgi://172.19.0.4:9000", host: "localhost:8080"
2023/10/24 07:27:10 [notice] 1#1: signal 3 (SIGQUIT) received, shutting down
2023/10/24 07:27:10 [notice] 30#30: gracefully shutting down
2023/10/24 07:27:10 [notice] 31#31: gracefully shutting down
2023/10/24 07:27:10 [notice] 31#31: exiting
2023/10/24 07:27:10 [notice] 33#33: gracefully shutting down
2023/10/24 07:27:10 [notice] 32#32: gracefully shutting down
2023/10/24 07:27:10 [notice] 30#30: exiting
2023/10/24 07:27:10 [notice] 31#31: exit
2023/10/24 07:27:10 [notice] 33#33: exiting
2023/10/24 07:27:10 [notice] 32#32: exiting
2023/10/24 07:27:10 [notice] 30#30: exit
2023/10/24 07:27:10 [notice] 33#33: exit
2023/10/24 07:27:10 [notice] 32#32: exit
2023/10/24 07:27:10 [notice] 1#1: signal 17 (SIGCHLD) received from 33
2023/10/24 07:27:10 [notice] 1#1: worker process 33 exited with code 0
2023/10/24 07:27:10 [notice] 1#1: signal 29 (SIGIO) received
2023/10/24 07:27:10 [notice] 1#1: signal 17 (SIGCHLD) received from 31
2023/10/24 07:27:10 [notice] 1#1: worker process 30 exited with code 0
2023/10/24 07:27:10 [notice] 1#1: worker process 31 exited with code 0
2023/10/24 07:27:10 [notice] 1#1: worker process 32 exited with code 0
2023/10/24 07:27:10 [notice] 1#1: exit
2023/10/24 07:27:49 [notice] 1#1: using the "epoll" event method
2023/10/24 07:27:49 [notice] 1#1: nginx/1.25.2
2023/10/24 07:27:49 [notice] 1#1: built by gcc 12.2.1 20220924 (Alpine 12.2.1_git20220924-r10) 
2023/10/24 07:27:49 [notice] 1#1: OS: Linux 6.4.16-linuxkit
2023/10/24 07:27:49 [notice] 1#1: getrlimit(RLIMIT_NOFILE): 1048576:1048576
2023/10/24 07:27:49 [notice] 1#1: start worker processes
2023/10/24 07:27:49 [notice] 1#1: start worker process 29
2023/10/24 07:27:49 [notice] 1#1: start worker process 30
2023/10/24 07:27:49 [notice] 1#1: start worker process 31
2023/10/24 07:27:49 [notice] 1#1: start worker process 32
2023/10/24 07:28:01 [error] 29#29: *1 FastCGI sent in stderr: "Primary script unknown" while reading response header from upstream, client: 192.168.65.1, server: localhost, request: "GET /index.php HTTP/1.1", upstream: "fastcgi://172.19.0.4:9000", host: "localhost:8080"
2023/10/24 07:28:02 [error] 29#29: *1 FastCGI sent in stderr: "Primary script unknown" while reading response header from upstream, client: 192.168.65.1, server: localhost, request: "GET /index.php HTTP/1.1", upstream: "fastcgi://172.19.0.4:9000", host: "localhost:8080"
2023/10/24 07:28:03 [error] 29#29: *1 FastCGI sent in stderr: "Primary script unknown" while reading response header from upstream, client: 192.168.65.1, server: localhost, request: "GET /index.php HTTP/1.1", upstream: "fastcgi://172.19.0.4:9000", host: "localhost:8080"
2023/10/24 07:28:03 [error] 29#29: *1 FastCGI sent in stderr: "Primary script unknown" while reading response header from upstream, client: 192.168.65.1, server: localhost, request: "GET /index.php HTTP/1.1", upstream: "fastcgi://172.19.0.4:9000", host: "localhost:8080"
2023/10/24 07:28:08 [error] 29#29: *1 open() "/usr/share/nginx/html/index" failed (2: No such file or directory), client: 192.168.65.1, server: localhost, request: "GET /index HTTP/1.1", host: "localhost:8080"
2023/10/24 07:28:19 [error] 29#29: *1 FastCGI sent in stderr: "Primary script unknown" while reading response header from upstream, client: 192.168.65.1, server: localhost, request: "GET /index.php HTTP/1.1", upstream: "fastcgi://172.19.0.4:9000", host: "localhost:8080"
2023/10/24 07:28:56 [notice] 1#1: signal 3 (SIGQUIT) received, shutting down
2023/10/24 07:28:56 [notice] 29#29: gracefully shutting down
2023/10/24 07:28:56 [notice] 30#30: gracefully shutting down
2023/10/24 07:28:56 [notice] 30#30: exiting
2023/10/24 07:28:56 [notice] 31#31: gracefully shutting down
2023/10/24 07:28:56 [notice] 31#31: exiting
2023/10/24 07:28:56 [notice] 32#32: gracefully shutting down
2023/10/24 07:28:56 [notice] 32#32: exiting
2023/10/24 07:28:56 [notice] 29#29: exiting
2023/10/24 07:28:56 [notice] 30#30: exit
2023/10/24 07:28:56 [notice] 31#31: exit
2023/10/24 07:28:56 [notice] 32#32: exit
2023/10/24 07:28:56 [notice] 29#29: exit
2023/10/24 07:28:56 [notice] 1#1: signal 17 (SIGCHLD) received from 31
2023/10/24 07:28:56 [notice] 1#1: worker process 31 exited with code 0
2023/10/24 07:28:56 [notice] 1#1: signal 29 (SIGIO) received
2023/10/24 07:28:56 [notice] 1#1: signal 17 (SIGCHLD) received from 32
2023/10/24 07:28:56 [notice] 1#1: worker process 29 exited with code 0
2023/10/24 07:28:56 [notice] 1#1: worker process 32 exited with code 0
2023/10/24 07:28:56 [notice] 1#1: signal 29 (SIGIO) received
2023/10/24 07:28:56 [notice] 1#1: signal 17 (SIGCHLD) received from 29
2023/10/24 07:28:56 [notice] 1#1: signal 17 (SIGCHLD) received from 30
2023/10/24 07:28:56 [notice] 1#1: worker process 30 exited with code 0
2023/10/24 07:28:56 [notice] 1#1: exit
2023/10/24 07:29:24 [notice] 1#1: using the "epoll" event method
2023/10/24 07:29:24 [notice] 1#1: nginx/1.25.2
2023/10/24 07:29:24 [notice] 1#1: built by gcc 12.2.1 20220924 (Alpine 12.2.1_git20220924-r10) 
2023/10/24 07:29:24 [notice] 1#1: OS: Linux 6.4.16-linuxkit
2023/10/24 07:29:24 [notice] 1#1: getrlimit(RLIMIT_NOFILE): 1048576:1048576
2023/10/24 07:29:24 [notice] 1#1: start worker processes
2023/10/24 07:29:24 [notice] 1#1: start worker process 29
2023/10/24 07:29:24 [notice] 1#1: start worker process 30
2023/10/24 07:29:24 [notice] 1#1: start worker process 31
2023/10/24 07:29:24 [notice] 1#1: start worker process 32
2023/10/24 07:37:26 [notice] 1#1: signal 3 (SIGQUIT) received, shutting down
2023/10/24 07:37:26 [notice] 29#29: gracefully shutting down
2023/10/24 07:37:26 [notice] 30#30: gracefully shutting down
2023/10/24 07:37:26 [notice] 32#32: gracefully shutting down
2023/10/24 07:37:26 [notice] 31#31: gracefully shutting down
2023/10/24 07:37:26 [notice] 31#31: exiting
2023/10/24 07:37:26 [notice] 29#29: exiting
2023/10/24 07:37:26 [notice] 29#29: exit
2023/10/24 07:37:26 [notice] 30#30: exiting
2023/10/24 07:37:26 [notice] 32#32: exiting
2023/10/24 07:37:26 [notice] 31#31: exit
2023/10/24 07:37:26 [notice] 30#30: exit
2023/10/24 07:37:26 [notice] 32#32: exit
2023/10/24 07:37:26 [notice] 1#1: signal 17 (SIGCHLD) received from 29
2023/10/24 07:37:26 [notice] 1#1: worker process 29 exited with code 0
2023/10/24 07:37:26 [notice] 1#1: worker process 31 exited with code 0
2023/10/24 07:37:26 [notice] 1#1: signal 29 (SIGIO) received
2023/10/24 07:37:26 [notice] 1#1: signal 17 (SIGCHLD) received from 31
2023/10/24 07:37:26 [notice] 1#1: signal 17 (SIGCHLD) received from 30
2023/10/24 07:37:26 [notice] 1#1: worker process 30 exited with code 0
2023/10/24 07:37:26 [notice] 1#1: signal 29 (SIGIO) received
2023/10/24 07:37:26 [notice] 1#1: signal 17 (SIGCHLD) received from 32
2023/10/24 07:37:26 [notice] 1#1: worker process 32 exited with code 0
2023/10/24 07:37:26 [notice] 1#1: exit
2023/10/24 07:54:33 [notice] 1#1: using the "epoll" event method
2023/10/24 07:54:33 [notice] 1#1: nginx/1.25.2
2023/10/24 07:54:33 [notice] 1#1: built by gcc 12.2.1 20220924 (Alpine 12.2.1_git20220924-r10) 
2023/10/24 07:54:33 [notice] 1#1: OS: Linux 6.4.16-linuxkit
2023/10/24 07:54:33 [notice] 1#1: getrlimit(RLIMIT_NOFILE): 1048576:1048576
2023/10/24 07:54:33 [notice] 1#1: start worker processes
2023/10/24 07:54:33 [notice] 1#1: start worker process 30
2023/10/24 07:54:33 [notice] 1#1: start worker process 31
2023/10/24 07:54:33 [notice] 1#1: start worker process 32
2023/10/24 07:54:33 [notice] 1#1: start worker process 33
2023/10/24 08:41:22 [notice] 1#1: signal 3 (SIGQUIT) received, shutting down
2023/10/24 08:41:22 [notice] 30#30: gracefully shutting down
2023/10/24 08:41:22 [notice] 31#31: gracefully shutting down
2023/10/24 08:41:22 [notice] 32#32: gracefully shutting down
2023/10/24 08:41:22 [notice] 33#33: gracefully shutting down
2023/10/24 08:41:22 [notice] 33#33: exiting
2023/10/24 08:41:22 [notice] 30#30: exiting
2023/10/24 08:41:22 [notice] 31#31: exiting
2023/10/24 08:41:22 [notice] 32#32: exiting
2023/10/24 08:41:22 [notice] 31#31: exit
2023/10/24 08:41:22 [notice] 33#33: exit
2023/10/24 08:41:22 [notice] 30#30: exit
2023/10/24 08:41:22 [notice] 32#32: exit
2023/10/24 08:41:22 [notice] 1#1: signal 17 (SIGCHLD) received from 30
2023/10/24 08:41:22 [notice] 1#1: worker process 30 exited with code 0
2023/10/24 08:41:22 [notice] 1#1: signal 29 (SIGIO) received
2023/10/24 08:41:22 [notice] 1#1: signal 17 (SIGCHLD) received from 31
2023/10/24 08:41:22 [notice] 1#1: worker process 31 exited with code 0
2023/10/24 08:41:22 [notice] 1#1: worker process 33 exited with code 0
2023/10/24 08:41:22 [notice] 1#1: signal 29 (SIGIO) received
2023/10/24 08:41:22 [notice] 1#1: signal 17 (SIGCHLD) received from 33
2023/10/24 08:41:22 [notice] 1#1: signal 17 (SIGCHLD) received from 32
2023/10/24 08:41:22 [notice] 1#1: worker process 32 exited with code 0
2023/10/24 08:41:22 [notice] 1#1: exit
2023/10/24 08:42:25 [notice] 1#1: using the "epoll" event method
2023/10/24 08:42:25 [notice] 1#1: nginx/1.25.2
2023/10/24 08:42:25 [notice] 1#1: built by gcc 12.2.1 20220924 (Alpine 12.2.1_git20220924-r10) 
2023/10/24 08:42:25 [notice] 1#1: OS: Linux 6.4.16-linuxkit
2023/10/24 08:42:25 [notice] 1#1: getrlimit(RLIMIT_NOFILE): 1048576:1048576
2023/10/24 08:42:25 [notice] 1#1: start worker processes
2023/10/24 08:42:25 [notice] 1#1: start worker process 30
2023/10/24 08:42:25 [notice] 1#1: start worker process 31
2023/10/24 08:42:25 [notice] 1#1: start worker process 32
2023/10/24 08:42:25 [notice] 1#1: start worker process 33
2023/10/24 08:48:22 [notice] 1#1: signal 3 (SIGQUIT) received, shutting down
2023/10/24 08:48:22 [notice] 32#32: gracefully shutting down
2023/10/24 08:48:22 [notice] 30#30: gracefully shutting down
2023/10/24 08:48:22 [notice] 30#30: exiting
2023/10/24 08:48:22 [notice] 33#33: gracefully shutting down
2023/10/24 08:48:22 [notice] 33#33: exiting
2023/10/24 08:48:22 [notice] 31#31: gracefully shutting down
2023/10/24 08:48:22 [notice] 32#32: exiting
2023/10/24 08:48:22 [notice] 30#30: exit
2023/10/24 08:48:22 [notice] 33#33: exit
2023/10/24 08:48:22 [notice] 31#31: exiting
2023/10/24 08:48:22 [notice] 32#32: exit
2023/10/24 08:48:22 [notice] 31#31: exit
2023/10/24 08:48:22 [notice] 1#1: signal 17 (SIGCHLD) received from 33
2023/10/24 08:48:22 [notice] 1#1: worker process 33 exited with code 0
2023/10/24 08:48:22 [notice] 1#1: signal 29 (SIGIO) received
2023/10/24 08:48:22 [notice] 1#1: signal 17 (SIGCHLD) received from 30
2023/10/24 08:48:22 [notice] 1#1: worker process 30 exited with code 0
2023/10/24 08:48:22 [notice] 1#1: worker process 32 exited with code 0
2023/10/24 08:48:22 [notice] 1#1: signal 29 (SIGIO) received
2023/10/24 08:48:22 [notice] 1#1: signal 17 (SIGCHLD) received from 32
2023/10/24 08:48:22 [notice] 1#1: worker process 31 exited with code 0
2023/10/24 08:48:22 [notice] 1#1: exit
2023/10/24 08:49:29 [notice] 1#1: using the "epoll" event method
2023/10/24 08:49:29 [notice] 1#1: nginx/1.25.2
2023/10/24 08:49:29 [notice] 1#1: built by gcc 12.2.1 20220924 (Alpine 12.2.1_git20220924-r10) 
2023/10/24 08:49:29 [notice] 1#1: OS: Linux 6.4.16-linuxkit
2023/10/24 08:49:29 [notice] 1#1: getrlimit(RLIMIT_NOFILE): 1048576:1048576
2023/10/24 08:49:29 [notice] 1#1: start worker processes
2023/10/24 08:49:29 [notice] 1#1: start worker process 30
2023/10/24 08:49:29 [notice] 1#1: start worker process 31
2023/10/24 08:49:29 [notice] 1#1: start worker process 32
2023/10/24 08:49:29 [notice] 1#1: start worker process 33
2023/10/24 08:54:53 [notice] 1#1: signal 3 (SIGQUIT) received, shutting down
2023/10/24 08:54:53 [notice] 30#30: gracefully shutting down
2023/10/24 08:54:53 [notice] 30#30: exiting
2023/10/24 08:54:53 [notice] 31#31: gracefully shutting down
2023/10/24 08:54:53 [notice] 31#31: exiting
2023/10/24 08:54:53 [notice] 32#32: gracefully shutting down
2023/10/24 08:54:53 [notice] 32#32: exiting
2023/10/24 08:54:53 [notice] 33#33: gracefully shutting down
2023/10/24 08:54:53 [notice] 30#30: exit
2023/10/24 08:54:53 [notice] 31#31: exit
2023/10/24 08:54:53 [notice] 32#32: exit
2023/10/24 08:54:53 [notice] 33#33: exiting
2023/10/24 08:54:53 [notice] 33#33: exit
2023/10/24 08:54:53 [notice] 1#1: signal 17 (SIGCHLD) received from 31
2023/10/24 08:54:53 [notice] 1#1: worker process 31 exited with code 0
2023/10/24 08:54:53 [notice] 1#1: signal 29 (SIGIO) received
2023/10/24 08:54:53 [notice] 1#1: signal 17 (SIGCHLD) received from 30
2023/10/24 08:54:53 [notice] 1#1: worker process 30 exited with code 0
2023/10/24 08:54:53 [notice] 1#1: worker process 33 exited with code 0
2023/10/24 08:54:53 [notice] 1#1: signal 29 (SIGIO) received
2023/10/24 08:54:53 [notice] 1#1: signal 17 (SIGCHLD) received from 32
2023/10/24 08:54:53 [notice] 1#1: worker process 32 exited with code 0
2023/10/24 08:54:53 [notice] 1#1: exit
2023/10/24 08:56:12 [notice] 1#1: using the "epoll" event method
2023/10/24 08:56:12 [notice] 1#1: nginx/1.25.2
2023/10/24 08:56:12 [notice] 1#1: built by gcc 12.2.1 20220924 (Alpine 12.2.1_git20220924-r10) 
2023/10/24 08:56:12 [notice] 1#1: OS: Linux 6.4.16-linuxkit
2023/10/24 08:56:12 [notice] 1#1: getrlimit(RLIMIT_NOFILE): 1048576:1048576
2023/10/24 08:56:12 [notice] 1#1: start worker processes
2023/10/24 08:56:12 [notice] 1#1: start worker process 29
2023/10/24 08:56:12 [notice] 1#1: start worker process 30
2023/10/24 08:56:12 [notice] 1#1: start worker process 31
2023/10/24 08:56:12 [notice] 1#1: start worker process 32
2023/10/24 08:57:17 [notice] 1#1: signal 3 (SIGQUIT) received, shutting down
2023/10/24 08:57:17 [notice] 30#30: gracefully shutting down
2023/10/24 08:57:17 [notice] 29#29: gracefully shutting down
2023/10/24 08:57:17 [notice] 31#31: gracefully shutting down
2023/10/24 08:57:17 [notice] 31#31: exiting
2023/10/24 08:57:17 [notice] 32#32: gracefully shutting down
2023/10/24 08:57:17 [notice] 30#30: exiting
2023/10/24 08:57:17 [notice] 29#29: exiting
2023/10/24 08:57:17 [notice] 31#31: exit
2023/10/24 08:57:17 [notice] 32#32: exiting
2023/10/24 08:57:17 [notice] 30#30: exit
2023/10/24 08:57:17 [notice] 29#29: exit
2023/10/24 08:57:17 [notice] 32#32: exit
2023/10/24 08:57:17 [notice] 1#1: signal 17 (SIGCHLD) received from 31
2023/10/24 08:57:17 [notice] 1#1: worker process 31 exited with code 0
2023/10/24 08:57:17 [notice] 1#1: signal 29 (SIGIO) received
2023/10/24 08:57:17 [notice] 1#1: signal 17 (SIGCHLD) received from 29
2023/10/24 08:57:17 [notice] 1#1: worker process 29 exited with code 0
2023/10/24 08:57:17 [notice] 1#1: signal 29 (SIGIO) received
2023/10/24 08:57:17 [notice] 1#1: signal 17 (SIGCHLD) received from 30
2023/10/24 08:57:17 [notice] 1#1: worker process 30 exited with code 0
2023/10/24 08:57:17 [notice] 1#1: worker process 32 exited with code 0
2023/10/24 08:57:17 [notice] 1#1: exit
2023/10/24 09:19:43 [notice] 1#1: using the "epoll" event method
2023/10/24 09:19:43 [notice] 1#1: nginx/1.25.2
2023/10/24 09:19:43 [notice] 1#1: built by gcc 12.2.1 20220924 (Alpine 12.2.1_git20220924-r10) 
2023/10/24 09:19:43 [notice] 1#1: OS: Linux 6.4.16-linuxkit
2023/10/24 09:19:43 [notice] 1#1: getrlimit(RLIMIT_NOFILE): 1048576:1048576
2023/10/24 09:19:43 [notice] 1#1: start worker processes
2023/10/24 09:19:43 [notice] 1#1: start worker process 29
2023/10/24 09:19:43 [notice] 1#1: start worker process 30
2023/10/24 09:19:43 [notice] 1#1: start worker process 31
2023/10/24 09:19:43 [notice] 1#1: start worker process 32
